

Version:	3.12
CmdLine:	D:\Bill facility\out\artifacts\Bill_facility_jar\Billing.exe --l4j-debug
WOW64:		yes
Create mutex:	Billing
Working dir:	D:\Bill facility\out\artifacts\Bill_facility_jar\.
Java min ver:	
Java max ver:	
Bundled JRE:	bin\jre
Check launcher:	D:\Bill facility\out\artifacts\Bill_facility_jar\bin\jre\bin\javaw.exe (OK)
Main class:	Bill.Main
Info:		Classpath not defined.
Launcher:	D:\Bill facility\out\artifacts\Bill_facility_jar\bin\jre\bin\javaw.exe
Launcher args:	--module-path bin\Components\lib --add-modules=javafx.controls,javafx.fxml -classpath "D:\Bill facility\out\artifacts\Bill_facility_jar\Billing.exe" Bill.Main
Args length:	158/32768 chars
Exit code:	0


Version:	3.12
CmdLine:	D:\Bill facility\out\artifacts\Bill_facility_jar\Billing.exe --l4j-debug
WOW64:		yes
Create mutex:	Billing
Working dir:	D:\Bill facility\out\artifacts\Bill_facility_jar\.
Java min ver:	1.006.000
Java max ver:	1.011.000
Bundled JRE:	bin\jre
Check launcher:	D:\Bill facility\out\artifacts\Bill_facility_jar\bin\jre\bin\javaw.exe (OK)
Main class:	Bill.Main
Info:		Classpath not defined.
Launcher:	D:\Bill facility\out\artifacts\Bill_facility_jar\bin\jre\bin\javaw.exe
Launcher args:	--module-path bin\Components\lib --add-modules=javafx.controls,javafx.fxml -classpath "D:\Bill facility\out\artifacts\Bill_facility_jar\Billing.exe" Bill.Main
Args length:	158/32768 chars
Exit code:	0
